# JRE version: OpenJDK Runtime Environment (8.0_65-b17) (build 1.8.0_65-b17)
# Java VM: OpenJDK 64-Bit Server VM (25.65-b01 mixed mode linux-amd64 compressed oops)
Heap:
 PSYoungGen      total 303616K, used 0K [0x00000000e6c00000, 0x0000000100000000, 0x0000000100000000)
  eden space 240640K, 0% used [0x00000000e6c00000,0x00000000e6c00000,0x00000000f5700000)
  from space 62976K, 0% used [0x00000000f5700000,0x00000000f5700000,0x00000000f9480000)
  to   space 93184K, 0% used [0x00000000fa500000,0x00000000fa500000,0x0000000100000000)
 ParOldGen       total 182784K, used 144074K [0x00000000b4400000, 0x00000000bf680000, 0x00000000e6c00000)
  object space 182784K, 78% used [0x00000000b4400000,0x00000000bd0b2aa0,0x00000000bf680000)
 Metaspace       used 8268K, capacity 8324K, committed 8576K, reserved 1056768K
  class space    used 873K, capacity 880K, committed 896K, reserved 1048576K
GC Heap History (10 events):
Event: 5.120 GC heap after
Heap after GC invocations=9 (full 1):
 PSYoungGen      total 245248K, used 35828K [0x00000000e6c00000, 0x00000000fcc00000, 0x0000000100000000)
  eden space 209408K, 0% used [0x00000000e6c00000,0x00000000e6c00000,0x00000000f3880000)
  from space 35840K, 99% used [0x00000000fa900000,0x00000000fcbfd328,0x00000000fcc00000)
  to   space 49152K, 0% used [0x00000000f6c00000,0x00000000f6c00000,0x00000000f9c00000)
 ParOldGen       total 105984K, used 64735K [0x00000000b4400000, 0x00000000bab80000, 0x00000000e6c00000)
  object space 105984K, 61% used [0x00000000b4400000,0x00000000b8337f60,0x00000000bab80000)
 Metaspace       used 8261K, capacity 8324K, committed 8576K, reserved 1056768K
  class space    used 873K, capacity 880K, committed 896K, reserved 1048576K
}
Event: 6.205 GC heap before
{Heap before GC invocations=10 (full 1):
 PSYoungGen      total 245248K, used 245236K [0x00000000e6c00000, 0x00000000fcc00000, 0x0000000100000000)
  eden space 209408K, 100% used [0x00000000e6c00000,0x00000000f3880000,0x00000000f3880000)
  from space 35840K, 99% used [0x00000000fa900000,0x00000000fcbfd328,0x00000000fcc00000)
  to   space 49152K, 0% used [0x00000000f6c00000,0x00000000f6c00000,0x00000000f9c00000)
 ParOldGen       total 105984K, used 64742K [0x00000000b4400000, 0x00000000bab80000, 0x00000000e6c00000)
  object space 105984K, 61% used [0x00000000b4400000,0x00000000b8339968,0x00000000bab80000)
 Metaspace       used 8264K, capacity 8324K, committed 8576K, reserved 1056768K
  class space    used 873K, capacity 880K, committed 896K, reserved 1048576K
Event: 6.293 GC heap after
Heap after GC invocations=10 (full 1):
 PSYoungGen      total 311296K, used 49132K [0x00000000e6c00000, 0x0000000100000000, 0x0000000100000000)
  eden space 262144K, 0% used [0x00000000e6c00000,0x00000000e6c00000,0x00000000f6c00000)
  from space 49152K, 99% used [0x00000000f6c00000,0x00000000f9bfb0a8,0x00000000f9c00000)
  to   space 73216K, 0% used [0x00000000fb880000,0x00000000fb880000,0x0000000100000000)
 ParOldGen       total 105984K, used 100455K [0x00000000b4400000, 0x00000000bab80000, 0x00000000e6c00000)
  object space 105984K, 94% used [0x00000000b4400000,0x00000000ba619c30,0x00000000bab80000)
 Metaspace       used 8264K, capacity 8324K, committed 8576K, reserved 1056768K
  class space    used 873K, capacity 880K, committed 896K, reserved 1048576K
}
Event: 6.293 GC heap before
{Heap before GC invocations=11 (full 2):
 PSYoungGen      total 311296K, used 49132K [0x00000000e6c00000, 0x0000000100000000, 0x0000000100000000)
  eden space 262144K, 0% used [0x00000000e6c00000,0x00000000e6c00000,0x00000000f6c00000)
  from space 49152K, 99% used [0x00000000f6c00000,0x00000000f9bfb0a8,0x00000000f9c00000)
  to   space 73216K, 0% used [0x00000000fb880000,0x00000000fb880000,0x0000000100000000)
 ParOldGen       total 105984K, used 100455K [0x00000000b4400000, 0x00000000bab80000, 0x00000000e6c00000)
  object space 105984K, 94% used [0x00000000b4400000,0x00000000ba619c30,0x00000000bab80000)
 Metaspace       used 8264K, capacity 8324K, committed 8576K, reserved 1056768K
  class space    used 873K, capacity 880K, committed 896K, reserved 1048576K
Event: 6.403 GC heap after
Heap after GC invocations=11 (full 2):
 PSYoungGen      total 311296K, used 0K [0x00000000e6c00000, 0x0000000100000000, 0x0000000100000000)
  eden space 262144K, 0% used [0x00000000e6c00000,0x00000000e6c00000,0x00000000f6c00000)
  from space 49152K, 0% used [0x00000000f6c00000,0x00000000f6c00000,0x00000000f9c00000)
  to   space 73216K, 0% used [0x00000000fb880000,0x00000000fb880000,0x0000000100000000)
 ParOldGen       total 182784K, used 103226K [0x00000000b4400000, 0x00000000bf680000, 0x00000000e6c00000)
  object space 182784K, 56% used [0x00000000b4400000,0x00000000ba8ce8d8,0x00000000bf680000)
 Metaspace       used 8264K, capacity 8324K, committed 8576K, reserved 1056768K
  class space    used 873K, capacity 880K, committed 896K, reserved 1048576K
}
Event: 7.383 GC heap before
{Heap before GC invocations=12 (full 2):
 PSYoungGen      total 311296K, used 262144K [0x00000000e6c00000, 0x0000000100000000, 0x0000000100000000)
  eden space 262144K, 100% used [0x00000000e6c00000,0x00000000f6c00000,0x00000000f6c00000)
  from space 49152K, 0% used [0x00000000f6c00000,0x00000000f6c00000,0x00000000f9c00000)
  to   space 73216K, 0% used [0x00000000fb880000,0x00000000fb880000,0x0000000100000000)
 ParOldGen       total 182784K, used 103232K [0x00000000b4400000, 0x00000000bf680000, 0x00000000e6c00000)
  object space 182784K, 56% used [0x00000000b4400000,0x00000000ba8d0180,0x00000000bf680000)
 Metaspace       used 8265K, capacity 8324K, committed 8576K, reserved 1056768K
  class space    used 873K, capacity 880K, committed 896K, reserved 1048576K
Event: 7.499 GC heap after
Heap after GC invocations=12 (full 2):
 PSYoungGen      total 313856K, used 72595K [0x00000000e6c00000, 0x0000000100000000, 0x0000000100000000)
  eden space 240640K, 0% used [0x00000000e6c00000,0x00000000e6c00000,0x00000000f5700000)
  from space 73216K, 99% used [0x00000000fb880000,0x00000000fff64d80,0x0000000100000000)
  to   space 86528K, 0% used [0x00000000f5700000,0x00000000f5700000,0x00000000fab80000)
 ParOldGen       total 182784K, used 103232K [0x00000000b4400000, 0x00000000bf680000, 0x00000000e6c00000)
  object space 182784K, 56% used [0x00000000b4400000,0x00000000ba8d0180,0x00000000bf680000)
 Metaspace       used 8265K, capacity 8324K, committed 8576K, reserved 1056768K
  class space    used 873K, capacity 880K, committed 896K, reserved 1048576K
}
Event: 8.536 GC heap before
{Heap before GC invocations=13 (full 2):
 PSYoungGen      total 313856K, used 313235K [0x00000000e6c00000, 0x0000000100000000, 0x0000000100000000)
  eden space 240640K, 100% used [0x00000000e6c00000,0x00000000f5700000,0x00000000f5700000)
  from space 73216K, 99% used [0x00000000fb880000,0x00000000fff64d80,0x0000000100000000)
  to   space 86528K, 0% used [0x00000000f5700000,0x00000000f5700000,0x00000000fab80000)
 ParOldGen       total 182784K, used 103232K [0x00000000b4400000, 0x00000000bf680000, 0x00000000e6c00000)
  object space 182784K, 56% used [0x00000000b4400000,0x00000000ba8d0218,0x00000000bf680000)
 Metaspace       used 8268K, capacity 8324K, committed 8576K, reserved 1056768K
  class space    used 873K, capacity 880K, committed 896K, reserved 1048576K
Event: 8.646 GC heap after
Heap after GC invocations=13 (full 2):
 PSYoungGen      total 303616K, used 62955K [0x00000000e6c00000, 0x0000000100000000, 0x0000000100000000)
  eden space 240640K, 0% used [0x00000000e6c00000,0x00000000e6c00000,0x00000000f5700000)
  from space 62976K, 99% used [0x00000000f5700000,0x00000000f947ae78,0x00000000f9480000)
  to   space 93184K, 0% used [0x00000000fa500000,0x00000000fa500000,0x0000000100000000)
 ParOldGen       total 182784K, used 143266K [0x00000000b4400000, 0x00000000bf680000, 0x00000000e6c00000)
  object space 182784K, 78% used [0x00000000b4400000,0x00000000bcfe8b38,0x00000000bf680000)
 Metaspace       used 8268K, capacity 8324K, committed 8576K, reserved 1056768K
  class space    used 873K, capacity 880K, committed 896K, reserved 1048576K
}
Event: 8.647 GC heap before
{Heap before GC invocations=14 (full 3):
 PSYoungGen      total 303616K, used 62955K [0x00000000e6c00000, 0x0000000100000000, 0x0000000100000000)
  eden space 240640K, 0% used [0x00000000e6c00000,0x00000000e6c00000,0x00000000f5700000)
  from space 62976K, 99% used [0x00000000f5700000,0x00000000f947ae78,0x00000000f9480000)
  to   space 93184K, 0% used [0x00000000fa500000,0x00000000fa500000,0x0000000100000000)
 ParOldGen       total 182784K, used 143266K [0x00000000b4400000, 0x00000000bf680000, 0x00000000e6c00000)
  object space 182784K, 78% used [0x00000000b4400000,0x00000000bcfe8b38,0x00000000bf680000)
 Metaspace       used 8268K, capacity 8324K, committed 8576K, reserved 1056768K
  class space    used 873K, capacity 880K, committed 896K, reserved 1048576K

