# JRE version: OpenJDK Runtime Environment (8.0_65-b17) (build 1.8.0_65-b17)
# Java VM: OpenJDK 64-Bit Server VM (25.65-b01 mixed mode linux-amd64 compressed oops)
Heap:
 PSYoungGen      total 157696K, used 126114K [0x00000000e6c00000, 0x00000000f2800000, 0x0000000100000000)
  eden space 147456K, 78% used [0x00000000e6c00000,0x00000000edd2b6b0,0x00000000efc00000)
  from space 10240K, 99% used [0x00000000f0e00000,0x00000000f17fd210,0x00000000f1800000)
  to   space 18432K, 0% used [0x00000000efc00000,0x00000000efc00000,0x00000000f0e00000)
 ParOldGen       total 52224K, used 27518K [0x00000000b4400000, 0x00000000b7700000, 0x00000000e6c00000)
  object space 52224K, 52% used [0x00000000b4400000,0x00000000b5edf920,0x00000000b7700000)
 Metaspace       used 8243K, capacity 8324K, committed 8576K, reserved 1056768K
  class space    used 872K, capacity 880K, committed 896K, reserved 1048576K
GC Heap History (10 events):
Event: 0.842 GC heap before
{Heap before GC invocations=4 (full 0):
 PSYoungGen      total 22528K, used 20976K [0x00000000e6c00000, 0x00000000e9800000, 0x0000000100000000)
  eden space 19456K, 100% used [0x00000000e6c00000,0x00000000e7f00000,0x00000000e7f00000)
  from space 3072K, 49% used [0x00000000e7f00000,0x00000000e807c040,0x00000000e8200000)
  to   space 3072K, 0% used [0x00000000e9500000,0x00000000e9500000,0x00000000e9800000)
 ParOldGen       total 52224K, used 88K [0x00000000b4400000, 0x00000000b7700000, 0x00000000e6c00000)
  object space 52224K, 0% used [0x00000000b4400000,0x00000000b4416010,0x00000000b7700000)
 Metaspace       used 7143K, capacity 7236K, committed 7552K, reserved 1056768K
  class space    used 777K, capacity 816K, committed 896K, reserved 1048576K
Event: 0.847 GC heap after
Heap after GC invocations=4 (full 0):
 PSYoungGen      total 41984K, used 1600K [0x00000000e6c00000, 0x00000000e9800000, 0x0000000100000000)
  eden space 38912K, 0% used [0x00000000e6c00000,0x00000000e6c00000,0x00000000e9200000)
  from space 3072K, 52% used [0x00000000e9500000,0x00000000e9690030,0x00000000e9800000)
  to   space 3072K, 0% used [0x00000000e9200000,0x00000000e9200000,0x00000000e9500000)
 ParOldGen       total 52224K, used 96K [0x00000000b4400000, 0x00000000b7700000, 0x00000000e6c00000)
  object space 52224K, 0% used [0x00000000b4400000,0x00000000b4418010,0x00000000b7700000)
 Metaspace       used 7143K, capacity 7236K, committed 7552K, reserved 1056768K
  class space    used 777K, capacity 816K, committed 896K, reserved 1048576K
}
Event: 0.982 GC heap before
{Heap before GC invocations=5 (full 0):
 PSYoungGen      total 41984K, used 40512K [0x00000000e6c00000, 0x00000000e9800000, 0x0000000100000000)
  eden space 38912K, 100% used [0x00000000e6c00000,0x00000000e9200000,0x00000000e9200000)
  from space 3072K, 52% used [0x00000000e9500000,0x00000000e9690030,0x00000000e9800000)
  to   space 3072K, 0% used [0x00000000e9200000,0x00000000e9200000,0x00000000e9500000)
 ParOldGen       total 52224K, used 96K [0x00000000b4400000, 0x00000000b7700000, 0x00000000e6c00000)
  object space 52224K, 0% used [0x00000000b4400000,0x00000000b4418010,0x00000000b7700000)
 Metaspace       used 7185K, capacity 7300K, committed 7552K, reserved 1056768K
  class space    used 777K, capacity 816K, committed 896K, reserved 1048576K
Event: 0.986 GC heap after
Heap after GC invocations=5 (full 0):
 PSYoungGen      total 41984K, used 1696K [0x00000000e6c00000, 0x00000000ebe00000, 0x0000000100000000)
  eden space 38912K, 0% used [0x00000000e6c00000,0x00000000e6c00000,0x00000000e9200000)
  from space 3072K, 55% used [0x00000000e9200000,0x00000000e93a8030,0x00000000e9500000)
  to   space 3072K, 0% used [0x00000000ebb00000,0x00000000ebb00000,0x00000000ebe00000)
 ParOldGen       total 52224K, used 104K [0x00000000b4400000, 0x00000000b7700000, 0x00000000e6c00000)
  object space 52224K, 0% used [0x00000000b4400000,0x00000000b441a010,0x00000000b7700000)
 Metaspace       used 7185K, capacity 7300K, committed 7552K, reserved 1056768K
  class space    used 777K, capacity 816K, committed 896K, reserved 1048576K
}
Event: 1.122 GC heap before
{Heap before GC invocations=6 (full 0):
 PSYoungGen      total 41984K, used 40608K [0x00000000e6c00000, 0x00000000ebe00000, 0x0000000100000000)
  eden space 38912K, 100% used [0x00000000e6c00000,0x00000000e9200000,0x00000000e9200000)
  from space 3072K, 55% used [0x00000000e9200000,0x00000000e93a8030,0x00000000e9500000)
  to   space 3072K, 0% used [0x00000000ebb00000,0x00000000ebb00000,0x00000000ebe00000)
 ParOldGen       total 52224K, used 104K [0x00000000b4400000, 0x00000000b7700000, 0x00000000e6c00000)
  object space 52224K, 0% used [0x00000000b4400000,0x00000000b441a010,0x00000000b7700000)
 Metaspace       used 7198K, capacity 7300K, committed 7552K, reserved 1056768K
  class space    used 777K, capacity 816K, committed 896K, reserved 1048576K
Event: 1.127 GC heap after
Heap after GC invocations=6 (full 0):
 PSYoungGen      total 80896K, used 1632K [0x00000000e6c00000, 0x00000000ebe00000, 0x0000000100000000)
  eden space 77824K, 0% used [0x00000000e6c00000,0x00000000e6c00000,0x00000000eb800000)
  from space 3072K, 53% used [0x00000000ebb00000,0x00000000ebc98010,0x00000000ebe00000)
  to   space 3072K, 0% used [0x00000000eb800000,0x00000000eb800000,0x00000000ebb00000)
 ParOldGen       total 52224K, used 112K [0x00000000b4400000, 0x00000000b7700000, 0x00000000e6c00000)
  object space 52224K, 0% used [0x00000000b4400000,0x00000000b441c010,0x00000000b7700000)
 Metaspace       used 7198K, capacity 7300K, committed 7552K, reserved 1056768K
  class space    used 777K, capacity 816K, committed 896K, reserved 1048576K
}
Event: 2.167 GC heap before
{Heap before GC invocations=7 (full 0):
 PSYoungGen      total 80896K, used 79456K [0x00000000e6c00000, 0x00000000ebe00000, 0x0000000100000000)
  eden space 77824K, 100% used [0x00000000e6c00000,0x00000000eb800000,0x00000000eb800000)
  from space 3072K, 53% used [0x00000000ebb00000,0x00000000ebc98010,0x00000000ebe00000)
  to   space 3072K, 0% used [0x00000000eb800000,0x00000000eb800000,0x00000000ebb00000)
 ParOldGen       total 52224K, used 116K [0x00000000b4400000, 0x00000000b7700000, 0x00000000e6c00000)
  object space 52224K, 0% used [0x00000000b4400000,0x00000000b441d260,0x00000000b7700000)
 Metaspace       used 8228K, capacity 8324K, committed 8576K, reserved 1056768K
  class space    used 871K, capacity 880K, committed 896K, reserved 1048576K
Event: 2.210 GC heap after
Heap after GC invocations=7 (full 0):
 PSYoungGen      total 80896K, used 3044K [0x00000000e6c00000, 0x00000000f1800000, 0x0000000100000000)
  eden space 77824K, 0% used [0x00000000e6c00000,0x00000000e6c00000,0x00000000eb800000)
  from space 3072K, 99% used [0x00000000eb800000,0x00000000ebaf9298,0x00000000ebb00000)
  to   space 10240K, 0% used [0x00000000f0e00000,0x00000000f0e00000,0x00000000f1800000)
 ParOldGen       total 52224K, used 13794K [0x00000000b4400000, 0x00000000b7700000, 0x00000000e6c00000)
  object space 52224K, 26% used [0x00000000b4400000,0x00000000b5178888,0x00000000b7700000)
 Metaspace       used 8228K, capacity 8324K, committed 8576K, reserved 1056768K
  class space    used 871K, capacity 880K, committed 896K, reserved 1048576K
}
Event: 3.247 GC heap before
{Heap before GC invocations=8 (full 0):
 PSYoungGen      total 80896K, used 80868K [0x00000000e6c00000, 0x00000000f1800000, 0x0000000100000000)
  eden space 77824K, 100% used [0x00000000e6c00000,0x00000000eb800000,0x00000000eb800000)
  from space 3072K, 99% used [0x00000000eb800000,0x00000000ebaf9298,0x00000000ebb00000)
  to   space 10240K, 0% used [0x00000000f0e00000,0x00000000f0e00000,0x00000000f1800000)
 ParOldGen       total 52224K, used 13799K [0x00000000b4400000, 0x00000000b7700000, 0x00000000e6c00000)
  object space 52224K, 26% used [0x00000000b4400000,0x00000000b5179c10,0x00000000b7700000)
 Metaspace       used 8234K, capacity 8324K, committed 8576K, reserved 1056768K
  class space    used 872K, capacity 880K, committed 896K, reserved 1048576K
Event: 3.300 GC heap after
Heap after GC invocations=8 (full 0):
 PSYoungGen      total 157696K, used 10228K [0x00000000e6c00000, 0x00000000f2800000, 0x0000000100000000)
  eden space 147456K, 0% used [0x00000000e6c00000,0x00000000e6c00000,0x00000000efc00000)
  from space 10240K, 99% used [0x00000000f0e00000,0x00000000f17fd210,0x00000000f1800000)
  to   space 18432K, 0% used [0x00000000efc00000,0x00000000efc00000,0x00000000f0e00000)
 ParOldGen       total 52224K, used 27518K [0x00000000b4400000, 0x00000000b7700000, 0x00000000e6c00000)
  object space 52224K, 52% used [0x00000000b4400000,0x00000000b5edf920,0x00000000b7700000)
 Metaspace       used 8234K, capacity 8324K, committed 8576K, reserved 1056768K
  class space    used 872K, capacity 880K, committed 896K, reserved 1048576K
}

