# JRE version: OpenJDK Runtime Environment (8.0_65-b17) (build 1.8.0_65-b17)
# Java VM: OpenJDK 64-Bit Server VM (25.65-b01 mixed mode linux-amd64 compressed oops)
Heap:
 PSYoungGen      total 300544K, used 5844K [0x00000000e6c00000, 0x0000000100000000, 0x0000000100000000)
  eden space 268288K, 2% used [0x00000000e6c00000,0x00000000e71b5240,0x00000000f7200000)
  from space 32256K, 0% used [0x00000000f7200000,0x00000000f7200000,0x00000000f9180000)
  to   space 55296K, 0% used [0x00000000fca00000,0x00000000fca00000,0x0000000100000000)
 ParOldGen       total 169984K, used 94839K [0x00000000b4400000, 0x00000000bea00000, 0x00000000e6c00000)
  object space 169984K, 55% used [0x00000000b4400000,0x00000000ba09dfc0,0x00000000bea00000)
 Metaspace       used 8259K, capacity 8324K, committed 8576K, reserved 1056768K
  class space    used 874K, capacity 880K, committed 896K, reserved 1048576K
GC Heap History (10 events):
Event: 3.609 GC heap before
{Heap before GC invocations=7 (full 0):
 PSYoungGen      total 150016K, used 150014K [0x00000000e6c00000, 0x00000000f2500000, 0x0000000100000000)
  eden space 144384K, 100% used [0x00000000e6c00000,0x00000000ef900000,0x00000000ef900000)
  from space 5632K, 99% used [0x00000000f0980000,0x00000000f0effa90,0x00000000f0f00000)
  to   space 16896K, 0% used [0x00000000ef900000,0x00000000ef900000,0x00000000f0980000)
 ParOldGen       total 52224K, used 20989K [0x00000000b4400000, 0x00000000b7700000, 0x00000000e6c00000)
  object space 52224K, 40% used [0x00000000b4400000,0x00000000b587f7a8,0x00000000b7700000)
 Metaspace       used 8240K, capacity 8324K, committed 8576K, reserved 1056768K
  class space    used 872K, capacity 880K, committed 896K, reserved 1048576K
Event: 3.658 GC heap after
Heap after GC invocations=7 (full 0):
 PSYoungGen      total 161280K, used 16886K [0x00000000e6c00000, 0x00000000fca00000, 0x0000000100000000)
  eden space 144384K, 0% used [0x00000000e6c00000,0x00000000e6c00000,0x00000000ef900000)
  from space 16896K, 99% used [0x00000000ef900000,0x00000000f097da58,0x00000000f0980000)
  to   space 34816K, 0% used [0x00000000fa800000,0x00000000fa800000,0x00000000fca00000)
 ParOldGen       total 52224K, used 48672K [0x00000000b4400000, 0x00000000b7700000, 0x00000000e6c00000)
  object space 52224K, 93% used [0x00000000b4400000,0x00000000b73883c0,0x00000000b7700000)
 Metaspace       used 8240K, capacity 8324K, committed 8576K, reserved 1056768K
  class space    used 872K, capacity 880K, committed 896K, reserved 1048576K
}
Event: 3.658 GC heap before
{Heap before GC invocations=8 (full 1):
 PSYoungGen      total 161280K, used 16886K [0x00000000e6c00000, 0x00000000fca00000, 0x0000000100000000)
  eden space 144384K, 0% used [0x00000000e6c00000,0x00000000e6c00000,0x00000000ef900000)
  from space 16896K, 99% used [0x00000000ef900000,0x00000000f097da58,0x00000000f0980000)
  to   space 34816K, 0% used [0x00000000fa800000,0x00000000fa800000,0x00000000fca00000)
 ParOldGen       total 52224K, used 48672K [0x00000000b4400000, 0x00000000b7700000, 0x00000000e6c00000)
  object space 52224K, 93% used [0x00000000b4400000,0x00000000b73883c0,0x00000000b7700000)
 Metaspace       used 8240K, capacity 8324K, committed 8576K, reserved 1056768K
  class space    used 872K, capacity 880K, committed 896K, reserved 1048576K
Event: 3.779 GC heap after
Heap after GC invocations=8 (full 1):
 PSYoungGen      total 161280K, used 8610K [0x00000000e6c00000, 0x00000000fca00000, 0x0000000100000000)
  eden space 144384K, 0% used [0x00000000e6c00000,0x00000000e6c00000,0x00000000ef900000)
  from space 16896K, 50% used [0x00000000ef900000,0x00000000f01688e0,0x00000000f0980000)
  to   space 34816K, 0% used [0x00000000fa800000,0x00000000fa800000,0x00000000fca00000)
 ParOldGen       total 101888K, used 51864K [0x00000000b4400000, 0x00000000ba780000, 0x00000000e6c00000)
  object space 101888K, 50% used [0x00000000b4400000,0x00000000b76a6108,0x00000000ba780000)
 Metaspace       used 8240K, capacity 8324K, committed 8576K, reserved 1056768K
  class space    used 872K, capacity 880K, committed 896K, reserved 1048576K
}
Event: 3.779 GC heap before
{Heap before GC invocations=9 (full 1):
 PSYoungGen      total 161280K, used 9309K [0x00000000e6c00000, 0x00000000fca00000, 0x0000000100000000)
  eden space 144384K, 0% used [0x00000000e6c00000,0x00000000e6caedf8,0x00000000ef900000)
  from space 16896K, 50% used [0x00000000ef900000,0x00000000f01688e0,0x00000000f0980000)
  to   space 34816K, 0% used [0x00000000fa800000,0x00000000fa800000,0x00000000fca00000)
 ParOldGen       total 101888K, used 51864K [0x00000000b4400000, 0x00000000ba780000, 0x00000000e6c00000)
  object space 101888K, 50% used [0x00000000b4400000,0x00000000b76a6108,0x00000000ba780000)
 Metaspace       used 8240K, capacity 8324K, committed 8576K, reserved 1056768K
  class space    used 872K, capacity 880K, committed 896K, reserved 1048576K
Event: 3.793 GC heap after
Heap after GC invocations=9 (full 1):
 PSYoungGen      total 250368K, used 9142K [0x00000000e6c00000, 0x00000000fb100000, 0x0000000100000000)
  eden space 241152K, 0% used [0x00000000e6c00000,0x00000000e6c00000,0x00000000f5780000)
  from space 9216K, 99% used [0x00000000fa800000,0x00000000fb0edb40,0x00000000fb100000)
  to   space 32256K, 0% used [0x00000000f7200000,0x00000000f7200000,0x00000000f9180000)
 ParOldGen       total 101888K, used 51888K [0x00000000b4400000, 0x00000000ba780000, 0x00000000e6c00000)
  object space 101888K, 50% used [0x00000000b4400000,0x00000000b76ac108,0x00000000ba780000)
 Metaspace       used 8240K, capacity 8324K, committed 8576K, reserved 1056768K
  class space    used 872K, capacity 880K, committed 896K, reserved 1048576K
}
Event: 5.832 GC heap before
{Heap before GC invocations=10 (full 1):
 PSYoungGen      total 250368K, used 250294K [0x00000000e6c00000, 0x00000000fb100000, 0x0000000100000000)
  eden space 241152K, 100% used [0x00000000e6c00000,0x00000000f5780000,0x00000000f5780000)
  from space 9216K, 99% used [0x00000000fa800000,0x00000000fb0edb40,0x00000000fb100000)
  to   space 32256K, 0% used [0x00000000f7200000,0x00000000f7200000,0x00000000f9180000)
 ParOldGen       total 101888K, used 51888K [0x00000000b4400000, 0x00000000ba780000, 0x00000000e6c00000)
  object space 101888K, 50% used [0x00000000b4400000,0x00000000b76ac108,0x00000000ba780000)
 Metaspace       used 8257K, capacity 8324K, committed 8576K, reserved 1056768K
  class space    used 874K, capacity 880K, committed 896K, reserved 1048576K
Event: 5.943 GC heap after
Heap after GC invocations=10 (full 1):
 PSYoungGen      total 300544K, used 32246K [0x00000000e6c00000, 0x0000000100000000, 0x0000000100000000)
  eden space 268288K, 0% used [0x00000000e6c00000,0x00000000e6c00000,0x00000000f7200000)
  from space 32256K, 99% used [0x00000000f7200000,0x00000000f917dad8,0x00000000f9180000)
  to   space 55296K, 0% used [0x00000000fca00000,0x00000000fca00000,0x0000000100000000)
 ParOldGen       total 101888K, used 93613K [0x00000000b4400000, 0x00000000ba780000, 0x00000000e6c00000)
  object space 101888K, 91% used [0x00000000b4400000,0x00000000b9f6b6f0,0x00000000ba780000)
 Metaspace       used 8257K, capacity 8324K, committed 8576K, reserved 1056768K
  class space    used 874K, capacity 880K, committed 896K, reserved 1048576K
}
Event: 5.943 GC heap before
{Heap before GC invocations=11 (full 2):
 PSYoungGen      total 300544K, used 32246K [0x00000000e6c00000, 0x0000000100000000, 0x0000000100000000)
  eden space 268288K, 0% used [0x00000000e6c00000,0x00000000e6c00000,0x00000000f7200000)
  from space 32256K, 99% used [0x00000000f7200000,0x00000000f917dad8,0x00000000f9180000)
  to   space 55296K, 0% used [0x00000000fca00000,0x00000000fca00000,0x0000000100000000)
 ParOldGen       total 101888K, used 93613K [0x00000000b4400000, 0x00000000ba780000, 0x00000000e6c00000)
  object space 101888K, 91% used [0x00000000b4400000,0x00000000b9f6b6f0,0x00000000ba780000)
 Metaspace       used 8257K, capacity 8324K, committed 8576K, reserved 1056768K
  class space    used 874K, capacity 880K, committed 896K, reserved 1048576K
Event: 6.107 GC heap after
Heap after GC invocations=11 (full 2):
 PSYoungGen      total 300544K, used 0K [0x00000000e6c00000, 0x0000000100000000, 0x0000000100000000)
  eden space 268288K, 0% used [0x00000000e6c00000,0x00000000e6c00000,0x00000000f7200000)
  from space 32256K, 0% used [0x00000000f7200000,0x00000000f7200000,0x00000000f9180000)
  to   space 55296K, 0% used [0x00000000fca00000,0x00000000fca00000,0x0000000100000000)
 ParOldGen       total 169984K, used 94839K [0x00000000b4400000, 0x00000000bea00000, 0x00000000e6c00000)
  object space 169984K, 55% used [0x00000000b4400000,0x00000000ba09dfc0,0x00000000bea00000)
 Metaspace       used 8257K, capacity 8324K, committed 8576K, reserved 1056768K
  class space    used 874K, capacity 880K, committed 896K, reserved 1048576K
}

