# JRE version: OpenJDK Runtime Environment (8.0_65-b17) (build 1.8.0_65-b17)
# Java VM: OpenJDK 64-Bit Server VM (25.65-b01 mixed mode linux-amd64 compressed oops)
Heap:
 PSYoungGen      total 80896K, used 20473K [0x00000000e6c00000, 0x00000000f1000000, 0x0000000100000000)
  eden space 77824K, 22% used [0x00000000e6c00000,0x00000000e7cff110,0x00000000eb800000)
  from space 3072K, 99% used [0x00000000eb800000,0x00000000ebaff3d8,0x00000000ebb00000)
  to   space 6144K, 0% used [0x00000000f0a00000,0x00000000f0a00000,0x00000000f1000000)
 ParOldGen       total 52224K, used 3614K [0x00000000b4400000, 0x00000000b7700000, 0x00000000e6c00000)
  object space 52224K, 6% used [0x00000000b4400000,0x00000000b47879d8,0x00000000b7700000)
 Metaspace       used 8236K, capacity 8324K, committed 8576K, reserved 1056768K
  class space    used 872K, capacity 880K, committed 896K, reserved 1048576K
GC Heap History (10 events):
Event: 0.340 GC heap before
{Heap before GC invocations=1 (full 0):
 PSYoungGen      total 22528K, used 19456K [0x00000000e6c00000, 0x00000000e8500000, 0x0000000100000000)
  eden space 19456K, 100% used [0x00000000e6c00000,0x00000000e7f00000,0x00000000e7f00000)
  from space 3072K, 0% used [0x00000000e8200000,0x00000000e8200000,0x00000000e8500000)
  to   space 3072K, 0% used [0x00000000e7f00000,0x00000000e7f00000,0x00000000e8200000)
 ParOldGen       total 52224K, used 0K [0x00000000b4400000, 0x00000000b7700000, 0x00000000e6c00000)
  object space 52224K, 0% used [0x00000000b4400000,0x00000000b4400000,0x00000000b7700000)
 Metaspace       used 7090K, capacity 7236K, committed 7552K, reserved 1056768K
  class space    used 778K, capacity 816K, committed 896K, reserved 1048576K
Event: 0.345 GC heap after
Heap after GC invocations=1 (full 0):
 PSYoungGen      total 22528K, used 2845K [0x00000000e6c00000, 0x00000000e9800000, 0x0000000100000000)
  eden space 19456K, 0% used [0x00000000e6c00000,0x00000000e6c00000,0x00000000e7f00000)
  from space 3072K, 92% used [0x00000000e7f00000,0x00000000e81c76b8,0x00000000e8200000)
  to   space 3072K, 0% used [0x00000000e9500000,0x00000000e9500000,0x00000000e9800000)
 ParOldGen       total 52224K, used 72K [0x00000000b4400000, 0x00000000b7700000, 0x00000000e6c00000)
  object space 52224K, 0% used [0x00000000b4400000,0x00000000b4412010,0x00000000b7700000)
 Metaspace       used 7090K, capacity 7236K, committed 7552K, reserved 1056768K
  class space    used 778K, capacity 816K, committed 896K, reserved 1048576K
}
Event: 0.384 GC heap before
{Heap before GC invocations=2 (full 0):
 PSYoungGen      total 22528K, used 22301K [0x00000000e6c00000, 0x00000000e9800000, 0x0000000100000000)
  eden space 19456K, 100% used [0x00000000e6c00000,0x00000000e7f00000,0x00000000e7f00000)
  from space 3072K, 92% used [0x00000000e7f00000,0x00000000e81c76b8,0x00000000e8200000)
  to   space 3072K, 0% used [0x00000000e9500000,0x00000000e9500000,0x00000000e9800000)
 ParOldGen       total 52224K, used 72K [0x00000000b4400000, 0x00000000b7700000, 0x00000000e6c00000)
  object space 52224K, 0% used [0x00000000b4400000,0x00000000b4412010,0x00000000b7700000)
 Metaspace       used 7118K, capacity 7236K, committed 7552K, reserved 1056768K
  class space    used 778K, capacity 816K, committed 896K, reserved 1048576K
Event: 0.387 GC heap after
Heap after GC invocations=2 (full 0):
 PSYoungGen      total 41984K, used 1526K [0x00000000e6c00000, 0x00000000e9800000, 0x0000000100000000)
  eden space 38912K, 0% used [0x00000000e6c00000,0x00000000e6c00000,0x00000000e9200000)
  from space 3072K, 49% used [0x00000000e9500000,0x00000000e967db28,0x00000000e9800000)
  to   space 3072K, 0% used [0x00000000e9200000,0x00000000e9200000,0x00000000e9500000)
 ParOldGen       total 52224K, used 80K [0x00000000b4400000, 0x00000000b7700000, 0x00000000e6c00000)
  object space 52224K, 0% used [0x00000000b4400000,0x00000000b4414010,0x00000000b7700000)
 Metaspace       used 7118K, capacity 7236K, committed 7552K, reserved 1056768K
  class space    used 778K, capacity 816K, committed 896K, reserved 1048576K
}
Event: 0.460 GC heap before
{Heap before GC invocations=3 (full 0):
 PSYoungGen      total 41984K, used 40438K [0x00000000e6c00000, 0x00000000e9800000, 0x0000000100000000)
  eden space 38912K, 100% used [0x00000000e6c00000,0x00000000e9200000,0x00000000e9200000)
  from space 3072K, 49% used [0x00000000e9500000,0x00000000e967db28,0x00000000e9800000)
  to   space 3072K, 0% used [0x00000000e9200000,0x00000000e9200000,0x00000000e9500000)
 ParOldGen       total 52224K, used 80K [0x00000000b4400000, 0x00000000b7700000, 0x00000000e6c00000)
  object space 52224K, 0% used [0x00000000b4400000,0x00000000b4414010,0x00000000b7700000)
 Metaspace       used 7152K, capacity 7236K, committed 7552K, reserved 1056768K
  class space    used 778K, capacity 816K, committed 896K, reserved 1048576K
Event: 0.464 GC heap after
Heap after GC invocations=3 (full 0):
 PSYoungGen      total 41984K, used 1654K [0x00000000e6c00000, 0x00000000ebe00000, 0x0000000100000000)
  eden space 38912K, 0% used [0x00000000e6c00000,0x00000000e6c00000,0x00000000e9200000)
  from space 3072K, 53% used [0x00000000e9200000,0x00000000e939db28,0x00000000e9500000)
  to   space 3072K, 0% used [0x00000000ebb00000,0x00000000ebb00000,0x00000000ebe00000)
 ParOldGen       total 52224K, used 88K [0x00000000b4400000, 0x00000000b7700000, 0x00000000e6c00000)
  object space 52224K, 0% used [0x00000000b4400000,0x00000000b4416010,0x00000000b7700000)
 Metaspace       used 7152K, capacity 7236K, committed 7552K, reserved 1056768K
  class space    used 778K, capacity 816K, committed 896K, reserved 1048576K
}
Event: 0.596 GC heap before
{Heap before GC invocations=4 (full 0):
 PSYoungGen      total 41984K, used 40566K [0x00000000e6c00000, 0x00000000ebe00000, 0x0000000100000000)
  eden space 38912K, 100% used [0x00000000e6c00000,0x00000000e9200000,0x00000000e9200000)
  from space 3072K, 53% used [0x00000000e9200000,0x00000000e939db28,0x00000000e9500000)
  to   space 3072K, 0% used [0x00000000ebb00000,0x00000000ebb00000,0x00000000ebe00000)
 ParOldGen       total 52224K, used 88K [0x00000000b4400000, 0x00000000b7700000, 0x00000000e6c00000)
  object space 52224K, 0% used [0x00000000b4400000,0x00000000b4416010,0x00000000b7700000)
 Metaspace       used 7190K, capacity 7300K, committed 7552K, reserved 1056768K
  class space    used 778K, capacity 816K, committed 896K, reserved 1048576K
Event: 0.600 GC heap after
Heap after GC invocations=4 (full 0):
 PSYoungGen      total 80896K, used 1718K [0x00000000e6c00000, 0x00000000ebe00000, 0x0000000100000000)
  eden space 77824K, 0% used [0x00000000e6c00000,0x00000000e6c00000,0x00000000eb800000)
  from space 3072K, 55% used [0x00000000ebb00000,0x00000000ebcadb28,0x00000000ebe00000)
  to   space 3072K, 0% used [0x00000000eb800000,0x00000000eb800000,0x00000000ebb00000)
 ParOldGen       total 52224K, used 96K [0x00000000b4400000, 0x00000000b7700000, 0x00000000e6c00000)
  object space 52224K, 0% used [0x00000000b4400000,0x00000000b4418010,0x00000000b7700000)
 Metaspace       used 7190K, capacity 7300K, committed 7552K, reserved 1056768K
  class space    used 778K, capacity 816K, committed 896K, reserved 1048576K
}
Event: 1.157 GC heap before
{Heap before GC invocations=5 (full 0):
 PSYoungGen      total 80896K, used 79542K [0x00000000e6c00000, 0x00000000ebe00000, 0x0000000100000000)
  eden space 77824K, 100% used [0x00000000e6c00000,0x00000000eb800000,0x00000000eb800000)
  from space 3072K, 55% used [0x00000000ebb00000,0x00000000ebcadb28,0x00000000ebe00000)
  to   space 3072K, 0% used [0x00000000eb800000,0x00000000eb800000,0x00000000ebb00000)
 ParOldGen       total 52224K, used 198K [0x00000000b4400000, 0x00000000b7700000, 0x00000000e6c00000)
  object space 52224K, 0% used [0x00000000b4400000,0x00000000b4431be0,0x00000000b7700000)
 Metaspace       used 8208K, capacity 8260K, committed 8320K, reserved 1056768K
  class space    used 871K, capacity 880K, committed 896K, reserved 1048576K
Event: 1.168 GC heap after
Heap after GC invocations=5 (full 0):
 PSYoungGen      total 80896K, used 3068K [0x00000000e6c00000, 0x00000000f1000000, 0x0000000100000000)
  eden space 77824K, 0% used [0x00000000e6c00000,0x00000000e6c00000,0x00000000eb800000)
  from space 3072K, 99% used [0x00000000eb800000,0x00000000ebaff3d8,0x00000000ebb00000)
  to   space 6144K, 0% used [0x00000000f0a00000,0x00000000f0a00000,0x00000000f1000000)
 ParOldGen       total 52224K, used 3614K [0x00000000b4400000, 0x00000000b7700000, 0x00000000e6c00000)
  object space 52224K, 6% used [0x00000000b4400000,0x00000000b47879d8,0x00000000b7700000)
 Metaspace       used 8208K, capacity 8260K, committed 8320K, reserved 1056768K
  class space    used 871K, capacity 880K, committed 896K, reserved 1048576K
}

