# JRE version: OpenJDK Runtime Environment (8.0_65-b17) (build 1.8.0_65-b17)
# Java VM: OpenJDK 64-Bit Server VM (25.65-b01 mixed mode linux-amd64 compressed oops)
Heap:
 PSYoungGen      total 80896K, used 32218K [0x00000000e6c00000, 0x00000000f0f00000, 0x0000000100000000)
  eden space 77824K, 37% used [0x00000000e6c00000,0x00000000e887c290,0x00000000eb800000)
  from space 3072K, 99% used [0x00000000eb800000,0x00000000ebafa6b0,0x00000000ebb00000)
  to   space 5632K, 0% used [0x00000000f0980000,0x00000000f0980000,0x00000000f0f00000)
 ParOldGen       total 52224K, used 2946K [0x00000000b4400000, 0x00000000b7700000, 0x00000000e6c00000)
  object space 52224K, 5% used [0x00000000b4400000,0x00000000b46e08a0,0x00000000b7700000)
 Metaspace       used 8226K, capacity 8324K, committed 8576K, reserved 1056768K
  class space    used 871K, capacity 880K, committed 896K, reserved 1048576K
GC Heap History (10 events):
Event: 0.419 GC heap before
{Heap before GC invocations=1 (full 0):
 PSYoungGen      total 22528K, used 19456K [0x00000000e6c00000, 0x00000000e8500000, 0x0000000100000000)
  eden space 19456K, 100% used [0x00000000e6c00000,0x00000000e7f00000,0x00000000e7f00000)
  from space 3072K, 0% used [0x00000000e8200000,0x00000000e8200000,0x00000000e8500000)
  to   space 3072K, 0% used [0x00000000e7f00000,0x00000000e7f00000,0x00000000e8200000)
 ParOldGen       total 52224K, used 0K [0x00000000b4400000, 0x00000000b7700000, 0x00000000e6c00000)
  object space 52224K, 0% used [0x00000000b4400000,0x00000000b4400000,0x00000000b7700000)
 Metaspace       used 7089K, capacity 7236K, committed 7552K, reserved 1056768K
  class space    used 777K, capacity 816K, committed 896K, reserved 1048576K
Event: 0.425 GC heap after
Heap after GC invocations=1 (full 0):
 PSYoungGen      total 22528K, used 2829K [0x00000000e6c00000, 0x00000000e9800000, 0x0000000100000000)
  eden space 19456K, 0% used [0x00000000e6c00000,0x00000000e6c00000,0x00000000e7f00000)
  from space 3072K, 92% used [0x00000000e7f00000,0x00000000e81c37e0,0x00000000e8200000)
  to   space 3072K, 0% used [0x00000000e9500000,0x00000000e9500000,0x00000000e9800000)
 ParOldGen       total 52224K, used 72K [0x00000000b4400000, 0x00000000b7700000, 0x00000000e6c00000)
  object space 52224K, 0% used [0x00000000b4400000,0x00000000b4412010,0x00000000b7700000)
 Metaspace       used 7089K, capacity 7236K, committed 7552K, reserved 1056768K
  class space    used 777K, capacity 816K, committed 896K, reserved 1048576K
}
Event: 0.466 GC heap before
{Heap before GC invocations=2 (full 0):
 PSYoungGen      total 22528K, used 22285K [0x00000000e6c00000, 0x00000000e9800000, 0x0000000100000000)
  eden space 19456K, 100% used [0x00000000e6c00000,0x00000000e7f00000,0x00000000e7f00000)
  from space 3072K, 92% used [0x00000000e7f00000,0x00000000e81c37e0,0x00000000e8200000)
  to   space 3072K, 0% used [0x00000000e9500000,0x00000000e9500000,0x00000000e9800000)
 ParOldGen       total 52224K, used 72K [0x00000000b4400000, 0x00000000b7700000, 0x00000000e6c00000)
  object space 52224K, 0% used [0x00000000b4400000,0x00000000b4412010,0x00000000b7700000)
 Metaspace       used 7116K, capacity 7236K, committed 7552K, reserved 1056768K
  class space    used 777K, capacity 816K, committed 896K, reserved 1048576K
Event: 0.484 GC heap after
Heap after GC invocations=2 (full 0):
 PSYoungGen      total 41984K, used 1488K [0x00000000e6c00000, 0x00000000e9800000, 0x0000000100000000)
  eden space 38912K, 0% used [0x00000000e6c00000,0x00000000e6c00000,0x00000000e9200000)
  from space 3072K, 48% used [0x00000000e9500000,0x00000000e9674020,0x00000000e9800000)
  to   space 3072K, 0% used [0x00000000e9200000,0x00000000e9200000,0x00000000e9500000)
 ParOldGen       total 52224K, used 80K [0x00000000b4400000, 0x00000000b7700000, 0x00000000e6c00000)
  object space 52224K, 0% used [0x00000000b4400000,0x00000000b4414010,0x00000000b7700000)
 Metaspace       used 7116K, capacity 7236K, committed 7552K, reserved 1056768K
  class space    used 777K, capacity 816K, committed 896K, reserved 1048576K
}
Event: 0.558 GC heap before
{Heap before GC invocations=3 (full 0):
 PSYoungGen      total 41984K, used 40400K [0x00000000e6c00000, 0x00000000e9800000, 0x0000000100000000)
  eden space 38912K, 100% used [0x00000000e6c00000,0x00000000e9200000,0x00000000e9200000)
  from space 3072K, 48% used [0x00000000e9500000,0x00000000e9674020,0x00000000e9800000)
  to   space 3072K, 0% used [0x00000000e9200000,0x00000000e9200000,0x00000000e9500000)
 ParOldGen       total 52224K, used 80K [0x00000000b4400000, 0x00000000b7700000, 0x00000000e6c00000)
  object space 52224K, 0% used [0x00000000b4400000,0x00000000b4414010,0x00000000b7700000)
 Metaspace       used 7142K, capacity 7236K, committed 7552K, reserved 1056768K
  class space    used 777K, capacity 816K, committed 896K, reserved 1048576K
Event: 0.562 GC heap after
Heap after GC invocations=3 (full 0):
 PSYoungGen      total 41984K, used 1632K [0x00000000e6c00000, 0x00000000ebe00000, 0x0000000100000000)
  eden space 38912K, 0% used [0x00000000e6c00000,0x00000000e6c00000,0x00000000e9200000)
  from space 3072K, 53% used [0x00000000e9200000,0x00000000e9398050,0x00000000e9500000)
  to   space 3072K, 0% used [0x00000000ebb00000,0x00000000ebb00000,0x00000000ebe00000)
 ParOldGen       total 52224K, used 88K [0x00000000b4400000, 0x00000000b7700000, 0x00000000e6c00000)
  object space 52224K, 0% used [0x00000000b4400000,0x00000000b4416010,0x00000000b7700000)
 Metaspace       used 7142K, capacity 7236K, committed 7552K, reserved 1056768K
  class space    used 777K, capacity 816K, committed 896K, reserved 1048576K
}
Event: 0.760 GC heap before
{Heap before GC invocations=4 (full 0):
 PSYoungGen      total 41984K, used 40544K [0x00000000e6c00000, 0x00000000ebe00000, 0x0000000100000000)
  eden space 38912K, 100% used [0x00000000e6c00000,0x00000000e9200000,0x00000000e9200000)
  from space 3072K, 53% used [0x00000000e9200000,0x00000000e9398050,0x00000000e9500000)
  to   space 3072K, 0% used [0x00000000ebb00000,0x00000000ebb00000,0x00000000ebe00000)
 ParOldGen       total 52224K, used 88K [0x00000000b4400000, 0x00000000b7700000, 0x00000000e6c00000)
  object space 52224K, 0% used [0x00000000b4400000,0x00000000b4416010,0x00000000b7700000)
 Metaspace       used 7190K, capacity 7300K, committed 7552K, reserved 1056768K
  class space    used 777K, capacity 816K, committed 896K, reserved 1048576K
Event: 0.773 GC heap after
Heap after GC invocations=4 (full 0):
 PSYoungGen      total 80896K, used 1728K [0x00000000e6c00000, 0x00000000ebe00000, 0x0000000100000000)
  eden space 77824K, 0% used [0x00000000e6c00000,0x00000000e6c00000,0x00000000eb800000)
  from space 3072K, 56% used [0x00000000ebb00000,0x00000000ebcb0030,0x00000000ebe00000)
  to   space 3072K, 0% used [0x00000000eb800000,0x00000000eb800000,0x00000000ebb00000)
 ParOldGen       total 52224K, used 96K [0x00000000b4400000, 0x00000000b7700000, 0x00000000e6c00000)
  object space 52224K, 0% used [0x00000000b4400000,0x00000000b4418010,0x00000000b7700000)
 Metaspace       used 7190K, capacity 7300K, committed 7552K, reserved 1056768K
  class space    used 777K, capacity 816K, committed 896K, reserved 1048576K
}
Event: 1.359 GC heap before
{Heap before GC invocations=5 (full 0):
 PSYoungGen      total 80896K, used 79552K [0x00000000e6c00000, 0x00000000ebe00000, 0x0000000100000000)
  eden space 77824K, 100% used [0x00000000e6c00000,0x00000000eb800000,0x00000000eb800000)
  from space 3072K, 56% used [0x00000000ebb00000,0x00000000ebcb0030,0x00000000ebe00000)
  to   space 3072K, 0% used [0x00000000eb800000,0x00000000eb800000,0x00000000ebb00000)
 ParOldGen       total 52224K, used 96K [0x00000000b4400000, 0x00000000b7700000, 0x00000000e6c00000)
  object space 52224K, 0% used [0x00000000b4400000,0x00000000b4418010,0x00000000b7700000)
 Metaspace       used 8216K, capacity 8324K, committed 8576K, reserved 1056768K
  class space    used 871K, capacity 880K, committed 896K, reserved 1048576K
Event: 1.369 GC heap after
Heap after GC invocations=5 (full 0):
 PSYoungGen      total 80896K, used 3049K [0x00000000e6c00000, 0x00000000f0f00000, 0x0000000100000000)
  eden space 77824K, 0% used [0x00000000e6c00000,0x00000000e6c00000,0x00000000eb800000)
  from space 3072K, 99% used [0x00000000eb800000,0x00000000ebafa6b0,0x00000000ebb00000)
  to   space 5632K, 0% used [0x00000000f0980000,0x00000000f0980000,0x00000000f0f00000)
 ParOldGen       total 52224K, used 2946K [0x00000000b4400000, 0x00000000b7700000, 0x00000000e6c00000)
  object space 52224K, 5% used [0x00000000b4400000,0x00000000b46e08a0,0x00000000b7700000)
 Metaspace       used 8216K, capacity 8324K, committed 8576K, reserved 1056768K
  class space    used 871K, capacity 880K, committed 896K, reserved 1048576K
}

